0 verbose cli [
0 verbose cli   '/usr/local/bin/node',
0 verbose cli   '/usr/local/bin/npm',
0 verbose cli   'i',
0 verbose cli   'cuncurrently',
0 verbose cli   'cors',
0 verbose cli   'dotenv',
0 verbose cli   'express',
0 verbose cli   'nodemailer',
0 verbose cli   'nodemon'
0 verbose cli ]
1 info using npm@8.1.0
2 info using node@v16.13.0
3 timing npm:load:whichnode Completed in 0ms
4 timing config:load:defaults Completed in 0ms
5 timing config:load:file:/usr/local/lib/node_modules/npm/npmrc Completed in 1ms
6 timing config:load:builtin Completed in 1ms
7 timing config:load:cli Completed in 0ms
8 timing config:load:env Completed in 0ms
9 timing config:load:file:/Users/obinnauzozie/Desktop/PORTFOLIO/.npmrc Completed in 0ms
10 timing config:load:project Completed in 1ms
11 timing config:load:file:/Users/obinnauzozie/.npmrc Completed in 0ms
12 timing config:load:user Completed in 0ms
13 timing config:load:file:/usr/local/etc/npmrc Completed in 0ms
14 timing config:load:global Completed in 0ms
15 timing config:load:validate Completed in 0ms
16 timing config:load:credentials Completed in 1ms
17 timing config:load:setEnvs Completed in 0ms
18 timing config:load Completed in 3ms
19 timing npm:load:configload Completed in 3ms
20 timing npm:load:setTitle Completed in 5ms
21 timing npm:load:setupLog Completed in 0ms
22 timing config:load:flatten Completed in 1ms
23 timing npm:load:cleanupLog Completed in 1ms
24 timing npm:load:configScope Completed in 0ms
25 timing npm:load:projectScope Completed in 0ms
26 timing npm:load Completed in 12ms
27 timing arborist:ctor Completed in 0ms
28 timing arborist:ctor Completed in 1ms
29 timing idealTree:init Completed in 7ms
30 timing idealTree:userRequests Completed in 1ms
31 silly idealTree buildDeps
32 silly fetch manifest cuncurrently@*
33 http fetch GET 404 https://registry.npmjs.org/cuncurrently 1063ms (cache skip)
34 http fetch GET 404 https://registry.npmjs.org/cuncurrently 822ms (cache skip)
35 silly fetch manifest cors@*
36 http fetch GET 200 https://registry.npmjs.org/cors 73ms (cache revalidated)
37 silly fetch manifest dotenv@*
38 http fetch GET 200 https://registry.npmjs.org/dotenv 67ms (cache revalidated)
39 silly fetch manifest express@*
40 http fetch GET 200 https://registry.npmjs.org/express 61ms (cache revalidated)
41 silly fetch manifest nodemailer@*
42 http fetch GET 200 https://registry.npmjs.org/nodemailer 78ms (cache revalidated)
43 silly fetch manifest nodemon@*
44 http fetch GET 200 https://registry.npmjs.org/nodemon 148ms (cache revalidated)
45 silly placeDep ROOT cors@2.8.5 OK for: portfolio@1.0.0 want: *
46 silly placeDep ROOT cuncurrently@ OK for: portfolio@1.0.0 want: *
47 silly placeDep ROOT dotenv@10.0.0 OK for: portfolio@1.0.0 want: *
48 silly placeDep ROOT express@4.17.1 OK for: portfolio@1.0.0 want: *
49 silly placeDep ROOT nodemailer@6.7.0 OK for: portfolio@1.0.0 want: *
50 silly placeDep ROOT nodemon@2.0.15 OK for: portfolio@1.0.0 want: *
51 silly fetch manifest object-assign@^4
52 silly fetch manifest vary@^1
53 silly fetch manifest accepts@~1.3.7
54 silly fetch manifest array-flatten@1.1.1
55 silly fetch manifest body-parser@1.19.0
56 silly fetch manifest content-disposition@0.5.3
57 silly fetch manifest content-type@~1.0.4
58 silly fetch manifest cookie@0.4.0
59 silly fetch manifest cookie-signature@1.0.6
60 silly fetch manifest debug@2.6.9
61 silly fetch manifest depd@~1.1.2
62 silly fetch manifest encodeurl@~1.0.2
63 silly fetch manifest escape-html@~1.0.3
64 silly fetch manifest etag@~1.8.1
65 silly fetch manifest finalhandler@~1.1.2
66 silly fetch manifest fresh@0.5.2
67 silly fetch manifest merge-descriptors@1.0.1
68 silly fetch manifest methods@~1.1.2
69 silly fetch manifest on-finished@~2.3.0
70 silly fetch manifest parseurl@~1.3.3
71 silly fetch manifest path-to-regexp@0.1.7
72 silly fetch manifest proxy-addr@~2.0.5
73 silly fetch manifest qs@6.7.0
74 silly fetch manifest range-parser@~1.2.1
75 silly fetch manifest safe-buffer@5.1.2
76 silly fetch manifest send@0.17.1
77 silly fetch manifest serve-static@1.14.1
78 silly fetch manifest setprototypeof@1.1.1
79 silly fetch manifest statuses@~1.5.0
80 silly fetch manifest type-is@~1.6.18
81 silly fetch manifest utils-merge@1.0.1
82 silly fetch manifest vary@~1.1.2
83 silly fetch manifest chokidar@^3.5.2
84 silly fetch manifest debug@^3.2.7
85 silly fetch manifest ignore-by-default@^1.0.1
86 silly fetch manifest minimatch@^3.0.4
87 silly fetch manifest pstree.remy@^1.1.8
88 silly fetch manifest semver@^5.7.1
89 silly fetch manifest supports-color@^5.5.0
90 silly fetch manifest touch@^3.1.0
91 silly fetch manifest undefsafe@^2.0.5
92 silly fetch manifest update-notifier@^5.1.0
93 http fetch GET 200 https://registry.npmjs.org/fresh 285ms (cache revalidated)
94 http fetch GET 200 https://registry.npmjs.org/escape-html 339ms (cache revalidated)
95 http fetch GET 200 https://registry.npmjs.org/array-flatten 371ms (cache revalidated)
96 http fetch GET 200 https://registry.npmjs.org/accepts 382ms (cache revalidated)
97 http fetch GET 200 https://registry.npmjs.org/content-type 384ms (cache revalidated)
98 http fetch GET 200 https://registry.npmjs.org/merge-descriptors 381ms (cache revalidated)
99 http fetch GET 200 https://registry.npmjs.org/depd 385ms (cache revalidated)
100 http fetch GET 200 https://registry.npmjs.org/methods 384ms (cache revalidated)
101 http fetch GET 200 https://registry.npmjs.org/encodeurl 388ms (cache revalidated)
102 http fetch GET 200 https://registry.npmjs.org/debug 389ms (cache revalidated)
103 http fetch GET 200 https://registry.npmjs.org/etag 389ms (cache revalidated)
104 http fetch GET 200 https://registry.npmjs.org/range-parser 386ms (cache revalidated)
105 http fetch GET 200 https://registry.npmjs.org/cookie 393ms (cache revalidated)
106 http fetch GET 200 https://registry.npmjs.org/on-finished 390ms (cache revalidated)
107 http fetch GET 200 https://registry.npmjs.org/content-disposition 414ms (cache revalidated)
108 http fetch GET 200 https://registry.npmjs.org/finalhandler 412ms (cache revalidated)
109 http fetch GET 200 https://registry.npmjs.org/serve-static 418ms (cache revalidated)
110 http fetch GET 200 https://registry.npmjs.org/send 430ms (cache revalidated)
111 http fetch GET 200 https://registry.npmjs.org/body-parser 440ms (cache revalidated)
112 http fetch GET 200 https://registry.npmjs.org/safe-buffer 434ms (cache revalidated)
113 http fetch GET 200 https://registry.npmjs.org/utils-merge 434ms (cache revalidated)
114 http fetch GET 200 https://registry.npmjs.org/parseurl 440ms (cache revalidated)
115 http fetch GET 200 https://registry.npmjs.org/chokidar 434ms (cache revalidated)
116 http fetch GET 200 https://registry.npmjs.org/qs 440ms (cache revalidated)
117 http fetch GET 200 https://registry.npmjs.org/path-to-regexp 442ms (cache revalidated)
118 http fetch GET 200 https://registry.npmjs.org/proxy-addr 443ms (cache revalidated)
119 http fetch GET 200 https://registry.npmjs.org/vary 453ms (cache revalidated)
120 http fetch GET 200 https://registry.npmjs.org/minimatch 439ms (cache revalidated)
121 http fetch GET 200 https://registry.npmjs.org/ignore-by-default 441ms (cache revalidated)
122 http fetch GET 200 https://registry.npmjs.org/cookie-signature 470ms (cache revalidated)
123 http fetch GET 200 https://registry.npmjs.org/update-notifier 462ms (cache revalidated)
124 http fetch GET 200 https://registry.npmjs.org/touch 491ms (cache revalidated)
125 http fetch GET 200 https://registry.npmjs.org/object-assign 510ms (cache revalidated)
126 http fetch GET 200 https://registry.npmjs.org/type-is 499ms (cache revalidated)
127 http fetch GET 200 https://registry.npmjs.org/pstree.remy 505ms (cache revalidated)
128 http fetch GET 200 https://registry.npmjs.org/setprototypeof 508ms (cache revalidated)
129 http fetch GET 200 https://registry.npmjs.org/supports-color 504ms (cache revalidated)
130 http fetch GET 200 https://registry.npmjs.org/undefsafe 506ms (cache revalidated)
131 http fetch GET 200 https://registry.npmjs.org/semver 554ms (cache revalidated)
132 http fetch GET 200 https://registry.npmjs.org/statuses 601ms (cache revalidated)
133 timing idealTree:#root Completed in 2956ms
134 silly placeDep ROOT object-assign@4.1.1 OK for: cors@2.8.5 want: ^4
135 silly placeDep ROOT vary@1.1.2 OK for: cors@2.8.5 want: ^1
136 timing idealTree:node_modules/cors Completed in 2ms
137 timing idealTree:node_modules/cuncurrently Completed in 0ms
138 timing idealTree:node_modules/dotenv Completed in 0ms
139 silly placeDep ROOT accepts@1.3.7 OK for: express@4.17.1 want: ~1.3.7
140 silly placeDep ROOT array-flatten@1.1.1 OK for: express@4.17.1 want: 1.1.1
141 silly placeDep ROOT body-parser@1.19.0 OK for: express@4.17.1 want: 1.19.0
142 silly placeDep ROOT content-disposition@0.5.3 OK for: express@4.17.1 want: 0.5.3
143 silly placeDep ROOT content-type@1.0.4 OK for: express@4.17.1 want: ~1.0.4
144 silly placeDep ROOT cookie@0.4.0 OK for: express@4.17.1 want: 0.4.0
145 silly placeDep ROOT cookie-signature@1.0.6 OK for: express@4.17.1 want: 1.0.6
146 silly placeDep ROOT debug@2.6.9 OK for: express@4.17.1 want: 2.6.9
147 silly placeDep ROOT depd@1.1.2 OK for: express@4.17.1 want: ~1.1.2
148 silly placeDep ROOT encodeurl@1.0.2 OK for: express@4.17.1 want: ~1.0.2
149 silly placeDep ROOT escape-html@1.0.3 OK for: express@4.17.1 want: ~1.0.3
150 silly placeDep ROOT etag@1.8.1 OK for: express@4.17.1 want: ~1.8.1
151 silly placeDep ROOT finalhandler@1.1.2 OK for: express@4.17.1 want: ~1.1.2
152 silly placeDep ROOT fresh@0.5.2 OK for: express@4.17.1 want: 0.5.2
153 silly placeDep ROOT merge-descriptors@1.0.1 OK for: express@4.17.1 want: 1.0.1
154 silly placeDep ROOT methods@1.1.2 OK for: express@4.17.1 want: ~1.1.2
155 silly placeDep ROOT on-finished@2.3.0 OK for: express@4.17.1 want: ~2.3.0
156 silly placeDep ROOT parseurl@1.3.3 OK for: express@4.17.1 want: ~1.3.3
157 silly placeDep ROOT path-to-regexp@0.1.7 OK for: express@4.17.1 want: 0.1.7
158 silly placeDep ROOT proxy-addr@2.0.7 OK for: express@4.17.1 want: ~2.0.5
159 silly placeDep ROOT qs@6.7.0 OK for: express@4.17.1 want: 6.7.0
160 silly placeDep ROOT range-parser@1.2.1 OK for: express@4.17.1 want: ~1.2.1
161 silly placeDep ROOT safe-buffer@5.1.2 OK for: express@4.17.1 want: 5.1.2
162 silly placeDep ROOT send@0.17.1 OK for: express@4.17.1 want: 0.17.1
163 silly placeDep ROOT serve-static@1.14.1 OK for: express@4.17.1 want: 1.14.1
164 silly placeDep ROOT setprototypeof@1.1.1 OK for: express@4.17.1 want: 1.1.1
165 silly placeDep ROOT statuses@1.5.0 OK for: express@4.17.1 want: ~1.5.0
166 silly placeDep ROOT type-is@1.6.18 OK for: express@4.17.1 want: ~1.6.18
167 silly placeDep ROOT utils-merge@1.0.1 OK for: express@4.17.1 want: 1.0.1
168 silly fetch manifest mime-types@~2.1.24
169 silly fetch manifest negotiator@0.6.2
170 silly fetch manifest bytes@3.1.0
171 silly fetch manifest http-errors@1.7.2
172 silly fetch manifest iconv-lite@0.4.24
173 silly fetch manifest raw-body@2.4.0
174 silly fetch manifest ms@2.0.0
175 silly fetch manifest unpipe@~1.0.0
176 silly fetch manifest ee-first@1.1.1
177 silly fetch manifest forwarded@0.2.0
178 silly fetch manifest ipaddr.js@1.9.1
179 silly fetch manifest destroy@~1.0.4
180 silly fetch manifest http-errors@~1.7.2
181 silly fetch manifest mime@1.6.0
182 silly fetch manifest ms@2.1.1
183 silly fetch manifest media-typer@0.3.0
184 http fetch GET 200 https://registry.npmjs.org/ms 74ms (cache revalidated)
185 http fetch GET 200 https://registry.npmjs.org/http-errors 76ms (cache revalidated)
186 http fetch GET 200 https://registry.npmjs.org/mime 74ms (cache revalidated)
187 http fetch GET 200 https://registry.npmjs.org/mime-types 78ms (cache revalidated)
188 http fetch GET 200 https://registry.npmjs.org/raw-body 77ms (cache revalidated)
189 http fetch GET 200 https://registry.npmjs.org/bytes 78ms (cache revalidated)
190 http fetch GET 200 https://registry.npmjs.org/media-typer 84ms (cache revalidated)
191 http fetch GET 200 https://registry.npmjs.org/destroy 85ms (cache revalidated)
192 http fetch GET 200 https://registry.npmjs.org/negotiator 89ms (cache revalidated)
193 http fetch GET 200 https://registry.npmjs.org/iconv-lite 90ms (cache revalidated)
194 http fetch GET 200 https://registry.npmjs.org/ee-first 88ms (cache revalidated)
195 http fetch GET 200 https://registry.npmjs.org/unpipe 89ms (cache revalidated)
196 http fetch GET 200 https://registry.npmjs.org/ipaddr.js 94ms (cache revalidated)
197 http fetch GET 200 https://registry.npmjs.org/forwarded 100ms (cache revalidated)
198 timing idealTree:node_modules/express Completed in 116ms
199 silly placeDep ROOT mime-types@2.1.34 OK for: accepts@1.3.7 want: ~2.1.24
200 silly placeDep ROOT negotiator@0.6.2 OK for: accepts@1.3.7 want: 0.6.2
201 silly fetch manifest mime-db@1.51.0
202 http fetch GET 200 https://registry.npmjs.org/mime-db 63ms (cache revalidated)
203 timing idealTree:node_modules/accepts Completed in 65ms
204 timing idealTree:node_modules/array-flatten Completed in 0ms
205 silly placeDep ROOT bytes@3.1.0 OK for: body-parser@1.19.0 want: 3.1.0
206 silly placeDep ROOT http-errors@1.7.2 OK for: body-parser@1.19.0 want: 1.7.2
207 silly placeDep ROOT iconv-lite@0.4.24 OK for: body-parser@1.19.0 want: 0.4.24
208 silly placeDep ROOT raw-body@2.4.0 OK for: body-parser@1.19.0 want: 2.4.0
209 silly fetch manifest inherits@2.0.3
210 silly fetch manifest toidentifier@1.0.0
211 silly fetch manifest safer-buffer@>= 2.1.2 < 3
212 silly fetch manifest unpipe@1.0.0
213 http fetch GET 200 https://registry.npmjs.org/toidentifier 75ms (cache revalidated)
214 http fetch GET 200 https://registry.npmjs.org/inherits 76ms (cache revalidated)
215 http fetch GET 200 https://registry.npmjs.org/safer-buffer 78ms (cache revalidated)
216 timing idealTree:node_modules/body-parser Completed in 81ms
217 timing idealTree:node_modules/bytes Completed in 0ms
218 timing idealTree:node_modules/content-disposition Completed in 0ms
219 timing idealTree:node_modules/content-type Completed in 0ms
220 timing idealTree:node_modules/cookie Completed in 0ms
221 timing idealTree:node_modules/cookie-signature Completed in 0ms
222 silly placeDep ROOT ms@2.0.0 OK for: debug@2.6.9 want: 2.0.0
223 timing idealTree:node_modules/debug Completed in 1ms
224 timing idealTree:node_modules/depd Completed in 0ms
225 timing idealTree:node_modules/encodeurl Completed in 0ms
226 timing idealTree:node_modules/escape-html Completed in 0ms
227 timing idealTree:node_modules/etag Completed in 0ms
228 silly placeDep ROOT unpipe@1.0.0 OK for: finalhandler@1.1.2 want: ~1.0.0
229 timing idealTree:node_modules/finalhandler Completed in 1ms
230 timing idealTree:node_modules/fresh Completed in 0ms
231 silly placeDep ROOT inherits@2.0.3 OK for: http-errors@1.7.2 want: 2.0.3
232 silly placeDep ROOT toidentifier@1.0.0 OK for: http-errors@1.7.2 want: 1.0.0
233 timing idealTree:node_modules/http-errors Completed in 1ms
234 silly placeDep ROOT safer-buffer@2.1.2 OK for: iconv-lite@0.4.24 want: >= 2.1.2 < 3
235 timing idealTree:node_modules/iconv-lite Completed in 0ms
236 timing idealTree:node_modules/inherits Completed in 0ms
237 timing idealTree:node_modules/merge-descriptors Completed in 0ms
238 timing idealTree:node_modules/methods Completed in 0ms
239 silly placeDep ROOT mime-db@1.51.0 OK for: mime-types@2.1.34 want: 1.51.0
240 timing idealTree:node_modules/mime-types Completed in 1ms
241 timing idealTree:node_modules/mime-db Completed in 0ms
242 timing idealTree:node_modules/ms Completed in 0ms
243 timing idealTree:node_modules/negotiator Completed in 0ms
244 timing idealTree:node_modules/nodemailer Completed in 0ms
245 silly placeDep ROOT chokidar@3.5.2 OK for: nodemon@2.0.15 want: ^3.5.2
246 silly placeDep node_modules/nodemon debug@3.2.7 OK for: nodemon@2.0.15 want: ^3.2.7
247 silly placeDep ROOT ignore-by-default@1.0.1 OK for: nodemon@2.0.15 want: ^1.0.1
248 silly placeDep ROOT minimatch@3.0.4 OK for: nodemon@2.0.15 want: ^3.0.4
249 silly placeDep ROOT pstree.remy@1.1.8 OK for: nodemon@2.0.15 want: ^1.1.8
250 silly placeDep ROOT semver@5.7.1 OK for: nodemon@2.0.15 want: ^5.7.1
251 silly placeDep ROOT supports-color@5.5.0 OK for: nodemon@2.0.15 want: ^5.5.0
252 silly placeDep ROOT touch@3.1.0 OK for: nodemon@2.0.15 want: ^3.1.0
253 silly placeDep ROOT undefsafe@2.0.5 OK for: nodemon@2.0.15 want: ^2.0.5
254 silly placeDep ROOT update-notifier@5.1.0 OK for: nodemon@2.0.15 want: ^5.1.0
255 silly fetch manifest anymatch@~3.1.2
256 silly fetch manifest braces@~3.0.2
257 silly fetch manifest glob-parent@~5.1.2
258 silly fetch manifest is-binary-path@~2.1.0
259 silly fetch manifest is-glob@~4.0.1
260 silly fetch manifest normalize-path@~3.0.0
261 silly fetch manifest readdirp@~3.6.0
262 silly fetch manifest fsevents@~2.3.2
263 silly fetch manifest ms@^2.1.1
264 silly fetch manifest brace-expansion@^1.1.7
265 silly fetch manifest has-flag@^3.0.0
266 silly fetch manifest nopt@~1.0.10
267 silly fetch manifest boxen@^5.0.0
268 silly fetch manifest chalk@^4.1.0
269 silly fetch manifest configstore@^5.0.1
270 silly fetch manifest has-yarn@^2.1.0
271 silly fetch manifest import-lazy@^2.1.0
272 silly fetch manifest is-ci@^2.0.0
273 silly fetch manifest is-installed-globally@^0.4.0
274 silly fetch manifest is-npm@^5.0.0
275 silly fetch manifest is-yarn-global@^0.3.0
276 silly fetch manifest latest-version@^5.1.0
277 silly fetch manifest pupa@^2.1.1
278 silly fetch manifest semver@^7.3.4
279 silly fetch manifest semver-diff@^3.1.1
280 silly fetch manifest xdg-basedir@^4.0.0
281 http fetch GET 200 https://registry.npmjs.org/braces 87ms (cache revalidated)
282 http fetch GET 200 https://registry.npmjs.org/is-installed-globally 121ms (cache revalidated)
283 http fetch GET 200 https://registry.npmjs.org/pupa 120ms (cache revalidated)
284 http fetch GET 200 https://registry.npmjs.org/has-yarn 122ms (cache revalidated)
285 http fetch GET 200 https://registry.npmjs.org/normalize-path 124ms (cache revalidated)
286 http fetch GET 200 https://registry.npmjs.org/readdirp 124ms (cache revalidated)
287 http fetch GET 200 https://registry.npmjs.org/glob-parent 126ms (cache revalidated)
288 http fetch GET 200 https://registry.npmjs.org/boxen 123ms (cache revalidated)
289 http fetch GET 200 https://registry.npmjs.org/has-flag 124ms (cache revalidated)
290 http fetch GET 200 https://registry.npmjs.org/is-glob 127ms (cache revalidated)
291 http fetch GET 200 https://registry.npmjs.org/nopt 125ms (cache revalidated)
292 http fetch GET 200 https://registry.npmjs.org/fsevents 127ms (cache revalidated)
293 http fetch GET 200 https://registry.npmjs.org/is-binary-path 128ms (cache revalidated)
294 http fetch GET 200 https://registry.npmjs.org/configstore 125ms (cache revalidated)
295 http fetch GET 200 https://registry.npmjs.org/brace-expansion 134ms (cache revalidated)
296 http fetch GET 200 https://registry.npmjs.org/is-ci 148ms (cache revalidated)
297 http fetch GET 200 https://registry.npmjs.org/is-yarn-global 187ms (cache revalidated)
298 http fetch GET 200 https://registry.npmjs.org/xdg-basedir 186ms (cache revalidated)
299 http fetch GET 200 https://registry.npmjs.org/chalk 190ms (cache revalidated)
300 http fetch GET 200 https://registry.npmjs.org/is-npm 207ms (cache revalidated)
301 http fetch GET 200 https://registry.npmjs.org/import-lazy 207ms (cache revalidated)
302 http fetch GET 200 https://registry.npmjs.org/anymatch 213ms (cache revalidated)
303 http fetch GET 200 https://registry.npmjs.org/semver-diff 207ms (cache revalidated)
304 http fetch GET 200 https://registry.npmjs.org/latest-version 209ms (cache revalidated)
305 timing idealTree:node_modules/nodemon Completed in 223ms
306 silly placeDep ROOT anymatch@3.1.2 OK for: chokidar@3.5.2 want: ~3.1.2
307 silly placeDep ROOT braces@3.0.2 OK for: chokidar@3.5.2 want: ~3.0.2
308 silly placeDep ROOT fsevents@2.3.2 OK for: chokidar@3.5.2 want: ~2.3.2
309 silly placeDep ROOT glob-parent@5.1.2 OK for: chokidar@3.5.2 want: ~5.1.2
310 silly placeDep ROOT is-binary-path@2.1.0 OK for: chokidar@3.5.2 want: ~2.1.0
311 silly placeDep ROOT is-glob@4.0.3 OK for: chokidar@3.5.2 want: ~4.0.1
312 silly placeDep ROOT normalize-path@3.0.0 OK for: chokidar@3.5.2 want: ~3.0.0
313 silly placeDep ROOT readdirp@3.6.0 OK for: chokidar@3.5.2 want: ~3.6.0
314 silly fetch manifest picomatch@^2.0.4
315 silly fetch manifest fill-range@^7.0.1
316 silly fetch manifest binary-extensions@^2.0.0
317 silly fetch manifest is-extglob@^2.1.1
318 silly fetch manifest picomatch@^2.2.1
319 http fetch GET 200 https://registry.npmjs.org/binary-extensions 65ms (cache revalidated)
320 http fetch GET 200 https://registry.npmjs.org/fill-range 69ms (cache revalidated)
321 http fetch GET 200 https://registry.npmjs.org/is-extglob 75ms (cache revalidated)
322 http fetch GET 200 https://registry.npmjs.org/picomatch 77ms (cache revalidated)
323 timing idealTree:node_modules/chokidar Completed in 80ms
324 silly placeDep ROOT picomatch@2.3.0 OK for: anymatch@3.1.2 want: ^2.0.4
325 timing idealTree:node_modules/anymatch Completed in 1ms
326 silly placeDep ROOT fill-range@7.0.1 OK for: braces@3.0.2 want: ^7.0.1
327 silly fetch manifest to-regex-range@^5.0.1
328 http fetch GET 200 https://registry.npmjs.org/to-regex-range 79ms (cache revalidated)
329 timing idealTree:node_modules/braces Completed in 80ms
330 silly placeDep ROOT to-regex-range@5.0.1 OK for: fill-range@7.0.1 want: ^5.0.1
331 silly fetch manifest is-number@^7.0.0
332 http fetch GET 200 https://registry.npmjs.org/is-number 65ms (cache revalidated)
333 timing idealTree:node_modules/fill-range Completed in 67ms
334 timing idealTree:node_modules/fsevents Completed in 0ms
335 timing idealTree:node_modules/glob-parent Completed in 0ms
336 timing idealTree:node_modules/ignore-by-default Completed in 0ms
337 silly placeDep ROOT binary-extensions@2.2.0 OK for: is-binary-path@2.1.0 want: ^2.0.0
338 timing idealTree:node_modules/is-binary-path Completed in 1ms
339 timing idealTree:node_modules/binary-extensions Completed in 0ms
340 silly placeDep ROOT is-extglob@2.1.1 OK for: is-glob@4.0.3 want: ^2.1.1
341 timing idealTree:node_modules/is-glob Completed in 1ms
342 timing idealTree:node_modules/is-extglob Completed in 0ms
343 silly placeDep ROOT brace-expansion@1.1.11 OK for: minimatch@3.0.4 want: ^1.1.7
344 silly fetch manifest balanced-match@^1.0.0
345 silly fetch manifest concat-map@0.0.1
346 http fetch GET 200 https://registry.npmjs.org/balanced-match 71ms (cache revalidated)
347 http fetch GET 200 https://registry.npmjs.org/concat-map 82ms (cache revalidated)
348 timing idealTree:node_modules/minimatch Completed in 84ms
349 silly placeDep ROOT balanced-match@1.0.2 OK for: brace-expansion@1.1.11 want: ^1.0.0
350 silly placeDep ROOT concat-map@0.0.1 OK for: brace-expansion@1.1.11 want: 0.0.1
351 timing idealTree:node_modules/brace-expansion Completed in 2ms
352 timing idealTree:node_modules/balanced-match Completed in 0ms
353 timing idealTree:node_modules/concat-map Completed in 0ms
354 timing idealTree:node_modules/normalize-path Completed in 0ms
355 timing idealTree:node_modules/object-assign Completed in 0ms
356 silly placeDep ROOT ee-first@1.1.1 OK for: on-finished@2.3.0 want: 1.1.1
357 timing idealTree:node_modules/on-finished Completed in 1ms
358 timing idealTree:node_modules/ee-first Completed in 0ms
359 timing idealTree:node_modules/parseurl Completed in 0ms
360 timing idealTree:node_modules/path-to-regexp Completed in 0ms
361 timing idealTree:node_modules/picomatch Completed in 0ms
362 silly placeDep ROOT forwarded@0.2.0 OK for: proxy-addr@2.0.7 want: 0.2.0
363 silly placeDep ROOT ipaddr.js@1.9.1 OK for: proxy-addr@2.0.7 want: 1.9.1
364 timing idealTree:node_modules/proxy-addr Completed in 1ms
365 timing idealTree:node_modules/forwarded Completed in 0ms
366 timing idealTree:node_modules/ipaddr.js Completed in 0ms
367 timing idealTree:node_modules/pstree.remy Completed in 0ms
368 timing idealTree:node_modules/qs Completed in 0ms
369 timing idealTree:node_modules/range-parser Completed in 0ms
370 timing idealTree:node_modules/raw-body Completed in 0ms
371 timing idealTree:node_modules/readdirp Completed in 0ms
372 timing idealTree:node_modules/safe-buffer Completed in 0ms
373 timing idealTree:node_modules/safer-buffer Completed in 0ms
374 timing idealTree:node_modules/semver Completed in 0ms
375 silly placeDep ROOT destroy@1.0.4 OK for: send@0.17.1 want: ~1.0.4
376 silly placeDep ROOT mime@1.6.0 OK for: send@0.17.1 want: 1.6.0
377 silly placeDep node_modules/send ms@2.1.1 OK for: send@0.17.1 want: 2.1.1
378 timing idealTree:node_modules/send Completed in 2ms
379 timing idealTree:node_modules/destroy Completed in 0ms
380 timing idealTree:node_modules/mime Completed in 0ms
381 timing idealTree:node_modules/serve-static Completed in 1ms
382 timing idealTree:node_modules/setprototypeof Completed in 0ms
383 timing idealTree:node_modules/statuses Completed in 0ms
384 silly placeDep ROOT has-flag@3.0.0 OK for: supports-color@5.5.0 want: ^3.0.0
385 timing idealTree:node_modules/supports-color Completed in 0ms
386 timing idealTree:node_modules/has-flag Completed in 0ms
387 silly placeDep ROOT is-number@7.0.0 OK for: to-regex-range@5.0.1 want: ^7.0.0
388 timing idealTree:node_modules/to-regex-range Completed in 1ms
389 timing idealTree:node_modules/is-number Completed in 0ms
390 timing idealTree:node_modules/toidentifier Completed in 0ms
391 silly placeDep ROOT nopt@1.0.10 OK for: touch@3.1.0 want: ~1.0.10
392 silly fetch manifest abbrev@1
393 http fetch GET 200 https://registry.npmjs.org/abbrev 62ms (cache revalidated)
394 timing idealTree:node_modules/touch Completed in 64ms
395 silly placeDep ROOT abbrev@1.1.1 OK for: nopt@1.0.10 want: 1
396 timing idealTree:node_modules/nopt Completed in 0ms
397 timing idealTree:node_modules/abbrev Completed in 0ms
398 silly placeDep ROOT media-typer@0.3.0 OK for: type-is@1.6.18 want: 0.3.0
399 timing idealTree:node_modules/type-is Completed in 3ms
400 timing idealTree:node_modules/media-typer Completed in 0ms
401 timing idealTree:node_modules/undefsafe Completed in 0ms
402 timing idealTree:node_modules/unpipe Completed in 0ms
403 silly placeDep ROOT boxen@5.1.2 OK for: update-notifier@5.1.0 want: ^5.0.0
404 silly placeDep ROOT chalk@4.1.2 OK for: update-notifier@5.1.0 want: ^4.1.0
405 silly placeDep ROOT configstore@5.0.1 OK for: update-notifier@5.1.0 want: ^5.0.1
406 silly placeDep ROOT has-yarn@2.1.0 OK for: update-notifier@5.1.0 want: ^2.1.0
407 silly placeDep ROOT import-lazy@2.1.0 OK for: update-notifier@5.1.0 want: ^2.1.0
408 silly placeDep ROOT is-ci@2.0.0 OK for: update-notifier@5.1.0 want: ^2.0.0
409 silly placeDep ROOT is-installed-globally@0.4.0 OK for: update-notifier@5.1.0 want: ^0.4.0
410 silly placeDep ROOT is-npm@5.0.0 OK for: update-notifier@5.1.0 want: ^5.0.0
411 silly placeDep ROOT is-yarn-global@0.3.0 OK for: update-notifier@5.1.0 want: ^0.3.0
412 silly placeDep ROOT latest-version@5.1.0 OK for: update-notifier@5.1.0 want: ^5.1.0
413 silly placeDep ROOT pupa@2.1.1 OK for: update-notifier@5.1.0 want: ^2.1.1
414 silly placeDep node_modules/update-notifier semver@7.3.5 OK for: update-notifier@5.1.0 want: ^7.3.4
415 silly placeDep ROOT semver-diff@3.1.1 OK for: update-notifier@5.1.0 want: ^3.1.1
416 silly placeDep ROOT xdg-basedir@4.0.0 OK for: update-notifier@5.1.0 want: ^4.0.0
417 silly fetch manifest ansi-align@^3.0.0
418 silly fetch manifest camelcase@^6.2.0
419 silly fetch manifest cli-boxes@^2.2.1
420 silly fetch manifest string-width@^4.2.2
421 silly fetch manifest type-fest@^0.20.2
422 silly fetch manifest widest-line@^3.1.0
423 silly fetch manifest wrap-ansi@^7.0.0
424 silly fetch manifest ansi-styles@^4.1.0
425 silly fetch manifest supports-color@^7.1.0
426 silly fetch manifest dot-prop@^5.2.0
427 silly fetch manifest graceful-fs@^4.1.2
428 silly fetch manifest make-dir@^3.0.0
429 silly fetch manifest unique-string@^2.0.0
430 silly fetch manifest write-file-atomic@^3.0.0
431 silly fetch manifest ci-info@^2.0.0
432 silly fetch manifest global-dirs@^3.0.0
433 silly fetch manifest is-path-inside@^3.0.2
434 silly fetch manifest package-json@^6.3.0
435 silly fetch manifest escape-goat@^2.0.0
436 silly fetch manifest lru-cache@^6.0.0
437 silly fetch manifest semver@^6.3.0
438 http fetch GET 200 https://registry.npmjs.org/graceful-fs 79ms (cache revalidated)
439 http fetch GET 200 https://registry.npmjs.org/type-fest 90ms (cache revalidated)
440 http fetch GET 200 https://registry.npmjs.org/make-dir 89ms (cache revalidated)
441 http fetch GET 200 https://registry.npmjs.org/wrap-ansi 93ms (cache revalidated)
442 http fetch GET 200 https://registry.npmjs.org/dot-prop 106ms (cache revalidated)
443 http fetch GET 200 https://registry.npmjs.org/widest-line 113ms (cache revalidated)
444 http fetch GET 200 https://registry.npmjs.org/is-path-inside 109ms (cache revalidated)
445 http fetch GET 200 https://registry.npmjs.org/escape-goat 110ms (cache revalidated)
446 http fetch GET 200 https://registry.npmjs.org/package-json 112ms (cache revalidated)
447 http fetch GET 200 https://registry.npmjs.org/global-dirs 116ms (cache revalidated)
448 http fetch GET 200 https://registry.npmjs.org/unique-string 117ms (cache revalidated)
449 http fetch GET 200 https://registry.npmjs.org/ansi-align 130ms (cache revalidated)
450 http fetch GET 200 https://registry.npmjs.org/string-width 139ms (cache revalidated)
451 http fetch GET 200 https://registry.npmjs.org/ci-info 152ms (cache revalidated)
452 http fetch GET 200 https://registry.npmjs.org/cli-boxes 159ms (cache revalidated)
453 http fetch GET 200 https://registry.npmjs.org/lru-cache 152ms (cache revalidated)
454 http fetch GET 200 https://registry.npmjs.org/write-file-atomic 154ms (cache revalidated)
455 http fetch GET 200 https://registry.npmjs.org/ansi-styles 165ms (cache revalidated)
456 http fetch GET 200 https://registry.npmjs.org/camelcase 978ms (cache revalidated)
457 timing idealTree:node_modules/update-notifier Completed in 988ms
458 silly placeDep ROOT ansi-align@3.0.1 OK for: boxen@5.1.2 want: ^3.0.0
459 silly placeDep ROOT camelcase@6.2.0 OK for: boxen@5.1.2 want: ^6.2.0
460 silly placeDep ROOT cli-boxes@2.2.1 OK for: boxen@5.1.2 want: ^2.2.1
461 silly placeDep ROOT string-width@4.2.3 OK for: boxen@5.1.2 want: ^4.2.2
462 silly placeDep ROOT type-fest@0.20.2 OK for: boxen@5.1.2 want: ^0.20.2
463 silly placeDep ROOT widest-line@3.1.0 OK for: boxen@5.1.2 want: ^3.1.0
464 silly placeDep ROOT wrap-ansi@7.0.0 OK for: boxen@5.1.2 want: ^7.0.0
465 silly fetch manifest emoji-regex@^8.0.0
466 silly fetch manifest is-fullwidth-code-point@^3.0.0
467 silly fetch manifest strip-ansi@^6.0.1
468 silly fetch manifest ansi-styles@^4.0.0
469 silly fetch manifest strip-ansi@^6.0.0
470 http fetch GET 200 https://registry.npmjs.org/strip-ansi 83ms (cache revalidated)
471 http fetch GET 200 https://registry.npmjs.org/is-fullwidth-code-point 85ms (cache revalidated)
472 http fetch GET 200 https://registry.npmjs.org/emoji-regex 90ms (cache revalidated)
473 timing idealTree:node_modules/boxen Completed in 103ms
474 timing idealTree:node_modules/ansi-align Completed in 0ms
475 timing idealTree:node_modules/camelcase Completed in 0ms
476 silly placeDep ROOT ansi-styles@4.3.0 OK for: chalk@4.1.2 want: ^4.1.0
477 silly placeDep node_modules/chalk supports-color@7.2.0 OK for: chalk@4.1.2 want: ^7.1.0
478 silly fetch manifest color-convert@^2.0.1
479 silly fetch manifest has-flag@^4.0.0
480 http fetch GET 200 https://registry.npmjs.org/color-convert 81ms (cache revalidated)
481 timing idealTree:node_modules/chalk Completed in 87ms
482 silly placeDep ROOT color-convert@2.0.1 OK for: ansi-styles@4.3.0 want: ^2.0.1
483 silly fetch manifest color-name@~1.1.4
484 http fetch GET 200 https://registry.npmjs.org/color-name 71ms (cache revalidated)
485 timing idealTree:node_modules/ansi-styles Completed in 73ms
486 timing idealTree:node_modules/cli-boxes Completed in 0ms
487 silly placeDep ROOT color-name@1.1.4 OK for: color-convert@2.0.1 want: ~1.1.4
488 timing idealTree:node_modules/color-convert Completed in 2ms
489 timing idealTree:node_modules/color-name Completed in 0ms
490 silly placeDep ROOT dot-prop@5.3.0 OK for: configstore@5.0.1 want: ^5.2.0
491 silly placeDep ROOT graceful-fs@4.2.8 OK for: configstore@5.0.1 want: ^4.1.2
492 silly placeDep ROOT make-dir@3.1.0 OK for: configstore@5.0.1 want: ^3.0.0
493 silly placeDep ROOT unique-string@2.0.0 OK for: configstore@5.0.1 want: ^2.0.0
494 silly placeDep ROOT write-file-atomic@3.0.3 OK for: configstore@5.0.1 want: ^3.0.0
495 silly fetch manifest is-obj@^2.0.0
496 silly fetch manifest semver@^6.0.0
497 silly fetch manifest crypto-random-string@^2.0.0
498 silly fetch manifest imurmurhash@^0.1.4
499 silly fetch manifest is-typedarray@^1.0.0
500 silly fetch manifest signal-exit@^3.0.2
501 silly fetch manifest typedarray-to-buffer@^3.1.5
502 http fetch GET 200 https://registry.npmjs.org/is-obj 74ms (cache revalidated)
503 http fetch GET 200 https://registry.npmjs.org/is-typedarray 73ms (cache revalidated)
504 http fetch GET 200 https://registry.npmjs.org/signal-exit 78ms (cache revalidated)
505 http fetch GET 200 https://registry.npmjs.org/crypto-random-string 81ms (cache revalidated)
506 http fetch GET 200 https://registry.npmjs.org/imurmurhash 80ms (cache revalidated)
507 http fetch GET 200 https://registry.npmjs.org/typedarray-to-buffer 81ms (cache revalidated)
508 timing idealTree:node_modules/configstore Completed in 90ms
509 silly placeDep ROOT is-obj@2.0.0 OK for: dot-prop@5.3.0 want: ^2.0.0
510 timing idealTree:node_modules/dot-prop Completed in 2ms
511 timing idealTree:node_modules/graceful-fs Completed in 0ms
512 timing idealTree:node_modules/has-yarn Completed in 0ms
513 timing idealTree:node_modules/import-lazy Completed in 0ms
514 silly placeDep ROOT ci-info@2.0.0 OK for: is-ci@2.0.0 want: ^2.0.0
515 timing idealTree:node_modules/is-ci Completed in 0ms
516 timing idealTree:node_modules/ci-info Completed in 0ms
517 silly placeDep ROOT global-dirs@3.0.0 OK for: is-installed-globally@0.4.0 want: ^3.0.0
518 silly placeDep ROOT is-path-inside@3.0.3 OK for: is-installed-globally@0.4.0 want: ^3.0.2
519 silly fetch manifest ini@2.0.0
520 http fetch GET 200 https://registry.npmjs.org/ini 51ms (cache revalidated)
521 timing idealTree:node_modules/is-installed-globally Completed in 54ms
522 silly placeDep ROOT ini@2.0.0 OK for: global-dirs@3.0.0 want: 2.0.0
523 timing idealTree:node_modules/global-dirs Completed in 1ms
524 timing idealTree:node_modules/ini Completed in 0ms
525 timing idealTree:node_modules/is-npm Completed in 0ms
526 timing idealTree:node_modules/is-obj Completed in 0ms
527 timing idealTree:node_modules/is-path-inside Completed in 0ms
528 timing idealTree:node_modules/is-yarn-global Completed in 0ms
529 silly placeDep ROOT package-json@6.5.0 OK for: latest-version@5.1.0 want: ^6.3.0
530 silly fetch manifest got@^9.6.0
531 silly fetch manifest registry-auth-token@^4.0.0
532 silly fetch manifest registry-url@^5.0.0
533 silly fetch manifest semver@^6.2.0
534 http fetch GET 200 https://registry.npmjs.org/registry-url 70ms (cache revalidated)
535 http fetch GET 200 https://registry.npmjs.org/got 75ms (cache revalidated)
536 http fetch GET 200 https://registry.npmjs.org/registry-auth-token 107ms (cache revalidated)
537 timing idealTree:node_modules/latest-version Completed in 109ms
538 silly placeDep node_modules/make-dir semver@6.3.0 OK for: make-dir@3.1.0 want: ^6.0.0
539 timing idealTree:node_modules/make-dir Completed in 1ms
540 silly placeDep ROOT got@9.6.0 OK for: package-json@6.5.0 want: ^9.6.0
541 silly placeDep ROOT registry-auth-token@4.2.1 OK for: package-json@6.5.0 want: ^4.0.0
542 silly placeDep ROOT registry-url@5.1.0 OK for: package-json@6.5.0 want: ^5.0.0
543 silly placeDep node_modules/package-json semver@6.3.0 OK for: package-json@6.5.0 want: ^6.2.0
544 silly fetch manifest @sindresorhus/is@^0.14.0
545 silly fetch manifest @szmarczak/http-timer@^1.1.2
546 silly fetch manifest cacheable-request@^6.0.0
547 silly fetch manifest decompress-response@^3.3.0
548 silly fetch manifest duplexer3@^0.1.4
549 silly fetch manifest get-stream@^4.1.0
550 silly fetch manifest lowercase-keys@^1.0.1
551 silly fetch manifest mimic-response@^1.0.1
552 silly fetch manifest p-cancelable@^1.0.0
553 silly fetch manifest to-readable-stream@^1.0.0
554 silly fetch manifest url-parse-lax@^3.0.0
555 silly fetch manifest rc@^1.2.8
556 http fetch GET 200 https://registry.npmjs.org/cacheable-request 67ms (cache revalidated)
557 http fetch GET 200 https://registry.npmjs.org/to-readable-stream 76ms (cache revalidated)
558 http fetch GET 200 https://registry.npmjs.org/decompress-response 78ms (cache revalidated)
559 http fetch GET 200 https://registry.npmjs.org/lowercase-keys 78ms (cache revalidated)
560 http fetch GET 200 https://registry.npmjs.org/rc 77ms (cache revalidated)
561 http fetch GET 200 https://registry.npmjs.org/p-cancelable 79ms (cache revalidated)
562 http fetch GET 200 https://registry.npmjs.org/duplexer3 81ms (cache revalidated)
563 http fetch GET 200 https://registry.npmjs.org/mimic-response 85ms (cache revalidated)
564 http fetch GET 200 https://registry.npmjs.org/@szmarczak%2fhttp-timer 86ms (cache revalidated)
565 http fetch GET 200 https://registry.npmjs.org/get-stream 86ms (cache revalidated)
566 http fetch GET 200 https://registry.npmjs.org/url-parse-lax 117ms (cache revalidated)
567 http fetch GET 200 https://registry.npmjs.org/@sindresorhus%2fis 120ms (cache revalidated)
568 timing idealTree:node_modules/package-json Completed in 124ms
569 silly placeDep ROOT @sindresorhus/is@0.14.0 OK for: got@9.6.0 want: ^0.14.0
570 silly placeDep ROOT @szmarczak/http-timer@1.1.2 OK for: got@9.6.0 want: ^1.1.2
571 silly placeDep ROOT cacheable-request@6.1.0 OK for: got@9.6.0 want: ^6.0.0
572 silly placeDep ROOT decompress-response@3.3.0 OK for: got@9.6.0 want: ^3.3.0
573 silly placeDep ROOT duplexer3@0.1.4 OK for: got@9.6.0 want: ^0.1.4
574 silly placeDep ROOT get-stream@4.1.0 OK for: got@9.6.0 want: ^4.1.0
575 silly placeDep ROOT lowercase-keys@1.0.1 OK for: got@9.6.0 want: ^1.0.1
576 silly placeDep ROOT mimic-response@1.0.1 OK for: got@9.6.0 want: ^1.0.1
577 silly placeDep ROOT p-cancelable@1.1.0 OK for: got@9.6.0 want: ^1.0.0
578 silly placeDep ROOT to-readable-stream@1.0.0 OK for: got@9.6.0 want: ^1.0.0
579 silly placeDep ROOT url-parse-lax@3.0.0 OK for: got@9.6.0 want: ^3.0.0
580 silly fetch manifest defer-to-connect@^1.0.1
581 silly fetch manifest clone-response@^1.0.2
582 silly fetch manifest get-stream@^5.1.0
583 silly fetch manifest http-cache-semantics@^4.0.0
584 silly fetch manifest keyv@^3.0.0
585 silly fetch manifest lowercase-keys@^2.0.0
586 silly fetch manifest normalize-url@^4.1.0
587 silly fetch manifest responselike@^1.0.2
588 silly fetch manifest pump@^3.0.0
589 silly fetch manifest prepend-http@^2.0.0
590 http fetch GET 200 https://registry.npmjs.org/clone-response 66ms (cache revalidated)
591 http fetch GET 200 https://registry.npmjs.org/keyv 73ms (cache revalidated)
592 http fetch GET 200 https://registry.npmjs.org/http-cache-semantics 75ms (cache revalidated)
593 http fetch GET 200 https://registry.npmjs.org/normalize-url 74ms (cache revalidated)
594 http fetch GET 200 https://registry.npmjs.org/responselike 96ms (cache revalidated)
595 http fetch GET 200 https://registry.npmjs.org/defer-to-connect 98ms (cache revalidated)
596 http fetch GET 200 https://registry.npmjs.org/pump 96ms (cache revalidated)
597 http fetch GET 200 https://registry.npmjs.org/prepend-http 96ms (cache revalidated)
598 timing idealTree:node_modules/got Completed in 103ms
599 timing idealTree:node_modules/@sindresorhus/is Completed in 0ms
600 silly placeDep ROOT defer-to-connect@1.1.3 OK for: @szmarczak/http-timer@1.1.2 want: ^1.0.1
601 timing idealTree:node_modules/@szmarczak/http-timer Completed in 1ms
602 silly placeDep ROOT clone-response@1.0.2 OK for: cacheable-request@6.1.0 want: ^1.0.2
603 silly placeDep node_modules/cacheable-request get-stream@5.2.0 OK for: cacheable-request@6.1.0 want: ^5.1.0
604 silly placeDep ROOT http-cache-semantics@4.1.0 OK for: cacheable-request@6.1.0 want: ^4.0.0
605 silly placeDep ROOT keyv@3.1.0 OK for: cacheable-request@6.1.0 want: ^3.0.0
606 silly placeDep node_modules/cacheable-request lowercase-keys@2.0.0 OK for: cacheable-request@6.1.0 want: ^2.0.0
607 silly placeDep ROOT normalize-url@4.5.1 OK for: cacheable-request@6.1.0 want: ^4.1.0
608 silly placeDep ROOT responselike@1.0.2 OK for: cacheable-request@6.1.0 want: ^1.0.2
609 silly fetch manifest json-buffer@3.0.0
610 http fetch GET 200 https://registry.npmjs.org/json-buffer 70ms (cache revalidated)
611 timing idealTree:node_modules/cacheable-request Completed in 73ms
612 timing idealTree:node_modules/clone-response Completed in 0ms
613 timing idealTree:node_modules/decompress-response Completed in 0ms
614 timing idealTree:node_modules/defer-to-connect Completed in 0ms
615 timing idealTree:node_modules/duplexer3 Completed in 0ms
616 silly placeDep ROOT pump@3.0.0 OK for: get-stream@4.1.0 want: ^3.0.0
617 silly fetch manifest end-of-stream@^1.1.0
618 silly fetch manifest once@^1.3.1
619 http fetch GET 200 https://registry.npmjs.org/once 75ms (cache revalidated)
620 http fetch GET 200 https://registry.npmjs.org/end-of-stream 76ms (cache revalidated)
621 timing idealTree:node_modules/get-stream Completed in 77ms
622 timing idealTree:node_modules/http-cache-semantics Completed in 0ms
623 silly placeDep ROOT json-buffer@3.0.0 OK for: keyv@3.1.0 want: 3.0.0
624 timing idealTree:node_modules/keyv Completed in 1ms
625 timing idealTree:node_modules/json-buffer Completed in 0ms
626 timing idealTree:node_modules/lowercase-keys Completed in 0ms
627 timing idealTree:node_modules/mimic-response Completed in 0ms
628 timing idealTree:node_modules/normalize-url Completed in 0ms
629 timing idealTree:node_modules/p-cancelable Completed in 0ms
630 silly placeDep ROOT end-of-stream@1.4.4 OK for: pump@3.0.0 want: ^1.1.0
631 silly placeDep ROOT once@1.4.0 OK for: pump@3.0.0 want: ^1.3.1
632 silly fetch manifest wrappy@1
633 http fetch GET 200 https://registry.npmjs.org/wrappy 57ms (cache revalidated)
634 timing idealTree:node_modules/pump Completed in 59ms
635 timing idealTree:node_modules/end-of-stream Completed in 0ms
636 silly placeDep ROOT wrappy@1.0.2 OK for: once@1.4.0 want: 1
637 timing idealTree:node_modules/once Completed in 0ms
638 silly placeDep ROOT escape-goat@2.1.1 OK for: pupa@2.1.1 want: ^2.0.0
639 timing idealTree:node_modules/pupa Completed in 0ms
640 timing idealTree:node_modules/escape-goat Completed in 0ms
641 silly placeDep ROOT rc@1.2.8 OK for: registry-auth-token@4.2.1 want: ^1.2.8
642 silly fetch manifest deep-extend@^0.6.0
643 silly fetch manifest ini@~1.3.0
644 silly fetch manifest minimist@^1.2.0
645 silly fetch manifest strip-json-comments@~2.0.1
646 http fetch GET 200 https://registry.npmjs.org/strip-json-comments 71ms (cache revalidated)
647 http fetch GET 200 https://registry.npmjs.org/deep-extend 73ms (cache revalidated)
648 http fetch GET 200 https://registry.npmjs.org/minimist 74ms (cache revalidated)
649 timing idealTree:node_modules/registry-auth-token Completed in 75ms
650 silly placeDep ROOT deep-extend@0.6.0 OK for: rc@1.2.8 want: ^0.6.0
651 silly placeDep node_modules/rc ini@1.3.8 OK for: rc@1.2.8 want: ~1.3.0
652 silly placeDep ROOT minimist@1.2.5 OK for: rc@1.2.8 want: ^1.2.0
653 silly placeDep ROOT strip-json-comments@2.0.1 OK for: rc@1.2.8 want: ~2.0.1
654 timing idealTree:node_modules/rc Completed in 5ms
655 timing idealTree:node_modules/deep-extend Completed in 0ms
656 timing idealTree:node_modules/minimist Completed in 0ms
657 timing idealTree:node_modules/registry-url Completed in 0ms
658 timing idealTree:node_modules/responselike Completed in 0ms
659 silly placeDep node_modules/semver-diff semver@6.3.0 OK for: semver-diff@3.1.1 want: ^6.3.0
660 timing idealTree:node_modules/semver-diff Completed in 0ms
661 silly placeDep ROOT emoji-regex@8.0.0 OK for: string-width@4.2.3 want: ^8.0.0
662 silly placeDep ROOT is-fullwidth-code-point@3.0.0 OK for: string-width@4.2.3 want: ^3.0.0
663 silly placeDep ROOT strip-ansi@6.0.1 OK for: string-width@4.2.3 want: ^6.0.1
664 silly fetch manifest ansi-regex@^5.0.1
665 http fetch GET 200 https://registry.npmjs.org/ansi-regex 60ms (cache revalidated)
666 timing idealTree:node_modules/string-width Completed in 63ms
667 timing idealTree:node_modules/emoji-regex Completed in 0ms
668 timing idealTree:node_modules/is-fullwidth-code-point Completed in 0ms
669 silly placeDep ROOT ansi-regex@5.0.1 OK for: strip-ansi@6.0.1 want: ^5.0.1
670 timing idealTree:node_modules/strip-ansi Completed in 0ms
671 timing idealTree:node_modules/ansi-regex Completed in 0ms
672 timing idealTree:node_modules/strip-json-comments Completed in 0ms
673 timing idealTree:node_modules/to-readable-stream Completed in 0ms
674 timing idealTree:node_modules/type-fest Completed in 0ms
675 silly placeDep ROOT crypto-random-string@2.0.0 OK for: unique-string@2.0.0 want: ^2.0.0
676 timing idealTree:node_modules/unique-string Completed in 1ms
677 timing idealTree:node_modules/crypto-random-string Completed in 0ms
678 silly placeDep ROOT prepend-http@2.0.0 OK for: url-parse-lax@3.0.0 want: ^2.0.0
679 timing idealTree:node_modules/url-parse-lax Completed in 0ms
680 timing idealTree:node_modules/prepend-http Completed in 0ms
681 timing idealTree:node_modules/utils-merge Completed in 0ms
682 timing idealTree:node_modules/vary Completed in 0ms
683 timing idealTree:node_modules/widest-line Completed in 0ms
684 timing idealTree:node_modules/wrap-ansi Completed in 0ms
685 timing idealTree:node_modules/wrappy Completed in 0ms
686 silly placeDep ROOT imurmurhash@0.1.4 OK for: write-file-atomic@3.0.3 want: ^0.1.4
687 silly placeDep ROOT is-typedarray@1.0.0 OK for: write-file-atomic@3.0.3 want: ^1.0.0
688 silly placeDep ROOT signal-exit@3.0.5 OK for: write-file-atomic@3.0.3 want: ^3.0.2
689 silly placeDep ROOT typedarray-to-buffer@3.1.5 OK for: write-file-atomic@3.0.3 want: ^3.1.5
690 timing idealTree:node_modules/write-file-atomic Completed in 2ms
691 timing idealTree:node_modules/imurmurhash Completed in 0ms
692 timing idealTree:node_modules/is-typedarray Completed in 0ms
693 timing idealTree:node_modules/signal-exit Completed in 0ms
694 timing idealTree:node_modules/typedarray-to-buffer Completed in 0ms
695 timing idealTree:node_modules/xdg-basedir Completed in 0ms
696 timing idealTree:node_modules/cacheable-request/node_modules/get-stream Completed in 0ms
697 timing idealTree:node_modules/cacheable-request/node_modules/lowercase-keys Completed in 0ms
698 silly placeDep node_modules/chalk has-flag@4.0.0 OK for: supports-color@7.2.0 want: ^4.0.0
699 timing idealTree:node_modules/chalk/node_modules/supports-color Completed in 1ms
700 timing idealTree:node_modules/chalk/node_modules/has-flag Completed in 0ms
701 timing idealTree:node_modules/make-dir/node_modules/semver Completed in 0ms
702 silly placeDep node_modules/nodemon ms@2.1.3 OK for: debug@3.2.7 want: ^2.1.1
703 timing idealTree:node_modules/nodemon/node_modules/debug Completed in 0ms
704 timing idealTree:node_modules/nodemon/node_modules/ms Completed in 0ms
705 timing idealTree:node_modules/package-json/node_modules/semver Completed in 0ms
706 timing idealTree:node_modules/rc/node_modules/ini Completed in 0ms
707 timing idealTree:node_modules/semver-diff/node_modules/semver Completed in 0ms
708 timing idealTree:node_modules/send/node_modules/ms Completed in 0ms
709 silly placeDep ROOT lru-cache@6.0.0 OK for: semver@7.3.5 want: ^6.0.0
710 silly fetch manifest yallist@^4.0.0
711 http fetch GET 200 https://registry.npmjs.org/yallist 874ms (cache revalidated)
712 timing idealTree:node_modules/update-notifier/node_modules/semver Completed in 875ms
713 silly placeDep ROOT yallist@4.0.0 OK for: lru-cache@6.0.0 want: ^4.0.0
714 timing idealTree:node_modules/lru-cache Completed in 1ms
715 timing idealTree:node_modules/yallist Completed in 0ms
716 timing idealTree:buildDeps Completed in 6814ms
717 timing idealTree:fixDepFlags Completed in 3ms
718 timing idealTree Completed in 6826ms
719 timing command:install Completed in 6830ms
720 verbose stack HttpErrorGeneral: 404 Not Found - GET https://registry.npmjs.org/cuncurrently - Not found
720 verbose stack     at /usr/local/lib/node_modules/npm/node_modules/npm-registry-fetch/check-response.js:95:15
720 verbose stack     at processTicksAndRejections (node:internal/process/task_queues:96:5)
720 verbose stack     at async Arborist.[nodeFromEdge] (/usr/local/lib/node_modules/npm/node_modules/@npmcli/arborist/lib/arborist/build-ideal-tree.js:1061:19)
720 verbose stack     at async Arborist.[buildDepStep] (/usr/local/lib/node_modules/npm/node_modules/@npmcli/arborist/lib/arborist/build-ideal-tree.js:930:11)
720 verbose stack     at async Arborist.buildIdealTree (/usr/local/lib/node_modules/npm/node_modules/@npmcli/arborist/lib/arborist/build-ideal-tree.js:216:7)
720 verbose stack     at async Promise.all (index 1)
720 verbose stack     at async Arborist.reify (/usr/local/lib/node_modules/npm/node_modules/@npmcli/arborist/lib/arborist/reify.js:149:5)
720 verbose stack     at async Install.install (/usr/local/lib/node_modules/npm/lib/install.js:170:5)
721 verbose statusCode 404
722 verbose pkgid cuncurrently@*
723 verbose cwd /Users/obinnauzozie/Desktop/PORTFOLIO
724 verbose Darwin 21.1.0
725 verbose argv "/usr/local/bin/node" "/usr/local/bin/npm" "i" "cuncurrently" "cors" "dotenv" "express" "nodemailer" "nodemon"
726 verbose node v16.13.0
727 verbose npm  v8.1.0
728 error code E404
729 error 404 Not Found - GET https://registry.npmjs.org/cuncurrently - Not found
730 error 404
731 error 404 'cuncurrently@*' is not in this registry.
732 error 404 You should bug the author to publish it (or use the name yourself!)
733 error 404 Note that you can also install from a
734 error 404 tarball, folder, http url, or git url.
735 verbose exit 1
