0 verbose cli [
0 verbose cli   '/usr/local/bin/node',
0 verbose cli   '/usr/local/bin/npm',
0 verbose cli   'install',
0 verbose cli   '--save-dev',
0 verbose cli   'webpack',
0 verbose cli   'webpack-cli',
0 verbose cli   'html-webpack-plugin',
0 verbose cli   'webpack-dev-server',
0 verbose cli   'webpack-dev-middleware'
0 verbose cli ]
1 info using npm@8.1.0
2 info using node@v16.13.0
3 timing npm:load:whichnode Completed in 0ms
4 timing config:load:defaults Completed in 0ms
5 timing config:load:file:/usr/local/lib/node_modules/npm/npmrc Completed in 1ms
6 timing config:load:builtin Completed in 1ms
7 timing config:load:cli Completed in 0ms
8 timing config:load:env Completed in 1ms
9 timing config:load:file:/Users/obinnauzozie/Desktop/PORTFOLIO/client/.npmrc Completed in 0ms
10 timing config:load:project Completed in 0ms
11 timing config:load:file:/Users/obinnauzozie/.npmrc Completed in 0ms
12 timing config:load:user Completed in 0ms
13 timing config:load:file:/usr/local/etc/npmrc Completed in 0ms
14 timing config:load:global Completed in 0ms
15 timing config:load:validate Completed in 0ms
16 timing config:load:credentials Completed in 1ms
17 timing config:load:setEnvs Completed in 0ms
18 timing config:load Completed in 3ms
19 timing npm:load:configload Completed in 3ms
20 timing npm:load:setTitle Completed in 5ms
21 timing npm:load:setupLog Completed in 0ms
22 timing config:load:flatten Completed in 1ms
23 timing npm:load:cleanupLog Completed in 1ms
24 timing npm:load:configScope Completed in 0ms
25 timing npm:load:projectScope Completed in 0ms
26 timing npm:load Completed in 12ms
27 timing arborist:ctor Completed in 0ms
28 timing idealTree:init Completed in 344ms
29 timing idealTree:userRequests Completed in 1ms
30 silly idealTree buildDeps
31 silly fetch manifest webpack@*
32 verbose shrinkwrap failed to load node_modules/.package-lock.json out of date, updated: node_modules
33 http fetch GET 200 https://registry.npmjs.org/webpack 571ms (cache revalidated)
34 silly fetch manifest webpack-cli@*
35 http fetch GET 200 https://registry.npmjs.org/webpack-cli 227ms (cache miss)
36 silly fetch manifest html-webpack-plugin@*
37 http fetch GET 200 https://registry.npmjs.org/html-webpack-plugin 101ms (cache revalidated)
38 silly fetch manifest webpack-dev-server@*
39 http fetch GET 200 https://registry.npmjs.org/webpack-dev-server 85ms (cache revalidated)
40 silly fetch manifest webpack-dev-middleware@*
41 http fetch GET 200 https://registry.npmjs.org/webpack-dev-middleware 93ms (cache revalidated)
42 timing idealTree Completed in 1468ms
43 timing command:install Completed in 1471ms
44 verbose stack Error: could not resolve
44 verbose stack     at PlaceDep.failPeerConflict (/usr/local/lib/node_modules/npm/node_modules/@npmcli/arborist/lib/place-dep.js:544:25)
44 verbose stack     at PlaceDep.place (/usr/local/lib/node_modules/npm/node_modules/@npmcli/arborist/lib/place-dep.js:197:21)
44 verbose stack     at new PlaceDep (/usr/local/lib/node_modules/npm/node_modules/@npmcli/arborist/lib/place-dep.js:71:10)
44 verbose stack     at /usr/local/lib/node_modules/npm/node_modules/@npmcli/arborist/lib/arborist/build-ideal-tree.js:944:31
44 verbose stack     at Array.map (<anonymous>)
44 verbose stack     at Arborist.[buildDepStep] (/usr/local/lib/node_modules/npm/node_modules/@npmcli/arborist/lib/arborist/build-ideal-tree.js:944:8)
44 verbose stack     at async Arborist.buildIdealTree (/usr/local/lib/node_modules/npm/node_modules/@npmcli/arborist/lib/arborist/build-ideal-tree.js:216:7)
44 verbose stack     at async Promise.all (index 1)
44 verbose stack     at async Arborist.reify (/usr/local/lib/node_modules/npm/node_modules/@npmcli/arborist/lib/arborist/reify.js:149:5)
44 verbose stack     at async Install.install (/usr/local/lib/node_modules/npm/lib/install.js:170:5)
45 verbose cwd /Users/obinnauzozie/Desktop/PORTFOLIO/client
46 verbose Darwin 21.1.0
47 verbose argv "/usr/local/bin/node" "/usr/local/bin/npm" "install" "--save-dev" "webpack" "webpack-cli" "html-webpack-plugin" "webpack-dev-server" "webpack-dev-middleware"
48 verbose node v16.13.0
49 verbose npm  v8.1.0
50 error code ERESOLVE
51 error ERESOLVE could not resolve
52 error
53 error While resolving: [1mclient[22m@[1m0.1.0[22m
53 error Found: [1mhtml-webpack-plugin[22m@[1m4.0.0-beta.11[22m[2m[22m
53 error [2mnode_modules/html-webpack-plugin[22m
53 error   [1mhtml-webpack-plugin[22m@"[1m4.0.0-beta.11[22m" from [1mreact-scripts[22m@[1m3.4.4[22m[2m[22m
53 error   [2mnode_modules/react-scripts[22m
53 error     [1mreact-scripts[22m@"[1m^3.4.4[22m" from the root project
53 error   [33mdev[39m [1mhtml-webpack-plugin[22m@"[1m*[22m" from the root project
53 error
53 error Could not resolve dependency:
53 error [33mdev[39m [1mhtml-webpack-plugin[22m@"[1m*[22m" from the root project
53 error
53 error Conflicting peer dependency: [1mwebpack[22m@[1m5.64.0[22m[2m[22m
53 error [2mnode_modules/webpack[22m
53 error   [35mpeer[39m [1mwebpack[22m@"[1m^5.20.0[22m" from [1mhtml-webpack-plugin[22m@[1m5.5.0[22m[2m[22m
53 error   [2mnode_modules/html-webpack-plugin[22m
53 error     [33mdev[39m [1mhtml-webpack-plugin[22m@"[1m*[22m" from the root project
53 error
53 error Fix the upstream dependency conflict, or retry
53 error this command with --force, or --legacy-peer-deps
53 error to accept an incorrect (and potentially broken) dependency resolution.
53 error
53 error See /Users/obinnauzozie/.npm/eresolve-report.txt for a full report.
54 verbose exit 1
