0 verbose cli [ '/usr/local/bin/node', '/usr/local/bin/npm', 'i', 'webpack', '-g' ]
1 info using npm@8.1.0
2 info using node@v16.13.0
3 timing npm:load:whichnode Completed in 0ms
4 timing config:load:defaults Completed in 1ms
5 timing config:load:file:/usr/local/lib/node_modules/npm/npmrc Completed in 0ms
6 timing config:load:builtin Completed in 0ms
7 timing config:load:cli Completed in 1ms
8 timing config:load:env Completed in 0ms
9 timing config:load:project Completed in 1ms
10 timing config:load:file:/Users/obinnauzozie/.npmrc Completed in 0ms
11 timing config:load:user Completed in 0ms
12 timing config:load:file:/usr/local/etc/npmrc Completed in 0ms
13 timing config:load:global Completed in 0ms
14 timing config:load:validate Completed in 0ms
15 timing config:load:credentials Completed in 0ms
16 timing config:load:setEnvs Completed in 1ms
17 timing config:load Completed in 4ms
18 timing npm:load:configload Completed in 4ms
19 timing npm:load:setTitle Completed in 5ms
20 timing npm:load:setupLog Completed in 0ms
21 timing config:load:flatten Completed in 1ms
22 timing npm:load:cleanupLog Completed in 1ms
23 timing npm:load:configScope Completed in 0ms
24 timing npm:load:projectScope Completed in 0ms
25 timing npm:load Completed in 11ms
26 timing arborist:ctor Completed in 1ms
27 timing idealTree:init Completed in 2ms
28 timing idealTree:userRequests Completed in 1ms
29 silly idealTree buildDeps
30 silly fetch manifest webpack@*
31 http fetch GET 200 https://registry.npmjs.org/webpack 10ms (cache hit)
32 silly placeDep ROOT webpack@5.64.0 OK for:  want: *
33 silly fetch manifest @types/eslint-scope@^3.7.0
34 silly fetch manifest @types/estree@^0.0.50
35 silly fetch manifest @webassemblyjs/ast@1.11.1
36 silly fetch manifest @webassemblyjs/wasm-edit@1.11.1
37 silly fetch manifest @webassemblyjs/wasm-parser@1.11.1
38 silly fetch manifest acorn@^8.4.1
39 silly fetch manifest acorn-import-assertions@^1.7.6
40 silly fetch manifest browserslist@^4.14.5
41 silly fetch manifest chrome-trace-event@^1.0.2
42 silly fetch manifest enhanced-resolve@^5.8.3
43 silly fetch manifest es-module-lexer@^0.9.0
44 silly fetch manifest eslint-scope@5.1.1
45 silly fetch manifest events@^3.2.0
46 silly fetch manifest glob-to-regexp@^0.4.1
47 silly fetch manifest graceful-fs@^4.2.4
48 silly fetch manifest json-parse-better-errors@^1.0.2
49 silly fetch manifest loader-runner@^4.2.0
50 silly fetch manifest mime-types@^2.1.27
51 silly fetch manifest neo-async@^2.6.2
52 silly fetch manifest schema-utils@^3.1.0
53 silly fetch manifest tapable@^2.1.1
54 silly fetch manifest terser-webpack-plugin@^5.1.3
55 silly fetch manifest watchpack@^2.2.0
56 silly fetch manifest webpack-sources@^3.2.0
57 http fetch GET 200 https://registry.npmjs.org/acorn-import-assertions 20ms (cache hit)
58 http fetch GET 200 https://registry.npmjs.org/es-module-lexer 19ms (cache hit)
59 http fetch GET 200 https://registry.npmjs.org/eslint-scope 19ms (cache hit)
60 http fetch GET 200 https://registry.npmjs.org/browserslist 21ms (cache hit)
61 http fetch GET 200 https://registry.npmjs.org/@webassemblyjs%2fwasm-parser 22ms (cache hit)
62 http fetch GET 200 https://registry.npmjs.org/schema-utils 21ms (cache hit)
63 http fetch GET 200 https://registry.npmjs.org/acorn 23ms (cache hit)
64 http fetch GET 200 https://registry.npmjs.org/neo-async 22ms (cache hit)
65 http fetch GET 200 https://registry.npmjs.org/enhanced-resolve 24ms (cache hit)
66 http fetch GET 200 https://registry.npmjs.org/@webassemblyjs%2fwasm-edit 25ms (cache hit)
67 http fetch GET 200 https://registry.npmjs.org/json-parse-better-errors 25ms (cache hit)
68 http fetch GET 200 https://registry.npmjs.org/mime-types 25ms (cache hit)
69 http fetch GET 200 https://registry.npmjs.org/@types%2feslint-scope 27ms (cache hit)
70 http fetch GET 200 https://registry.npmjs.org/tapable 24ms (cache hit)
71 http fetch GET 200 https://registry.npmjs.org/chrome-trace-event 27ms (cache hit)
72 http fetch GET 200 https://registry.npmjs.org/loader-runner 26ms (cache hit)
73 http fetch GET 200 https://registry.npmjs.org/watchpack 26ms (cache hit)
74 http fetch GET 200 https://registry.npmjs.org/@webassemblyjs%2fast 29ms (cache hit)
75 http fetch GET 200 https://registry.npmjs.org/terser-webpack-plugin 27ms (cache hit)
76 http fetch GET 200 https://registry.npmjs.org/@types%2festree 30ms (cache hit)
77 http fetch GET 200 https://registry.npmjs.org/webpack-sources 28ms (cache hit)
78 http fetch GET 200 https://registry.npmjs.org/events 29ms (cache hit)
79 http fetch GET 200 https://registry.npmjs.org/glob-to-regexp 29ms (cache hit)
80 http fetch GET 200 https://registry.npmjs.org/graceful-fs 29ms (cache hit)
81 timing idealTree:#root Completed in 52ms
82 silly fetch manifest webpack@^5.1.0
83 silly placeDep node_modules/webpack @types/eslint-scope@3.7.1 OK for: webpack@5.64.0 want: ^3.7.0
84 silly placeDep node_modules/webpack @types/estree@0.0.50 OK for: webpack@5.64.0 want: ^0.0.50
85 silly placeDep node_modules/webpack @webassemblyjs/ast@1.11.1 OK for: webpack@5.64.0 want: 1.11.1
86 silly placeDep node_modules/webpack @webassemblyjs/wasm-edit@1.11.1 OK for: webpack@5.64.0 want: 1.11.1
87 silly placeDep node_modules/webpack @webassemblyjs/wasm-parser@1.11.1 OK for: webpack@5.64.0 want: 1.11.1
88 silly placeDep node_modules/webpack acorn@8.5.0 OK for: webpack@5.64.0 want: ^8.4.1
89 silly placeDep node_modules/webpack acorn-import-assertions@1.8.0 OK for: webpack@5.64.0 want: ^1.7.6
90 silly placeDep node_modules/webpack browserslist@4.17.6 OK for: webpack@5.64.0 want: ^4.14.5
91 silly placeDep node_modules/webpack chrome-trace-event@1.0.3 OK for: webpack@5.64.0 want: ^1.0.2
92 silly placeDep node_modules/webpack enhanced-resolve@5.8.3 OK for: webpack@5.64.0 want: ^5.8.3
93 silly placeDep node_modules/webpack es-module-lexer@0.9.3 OK for: webpack@5.64.0 want: ^0.9.0
94 silly placeDep node_modules/webpack eslint-scope@5.1.1 OK for: webpack@5.64.0 want: 5.1.1
95 silly placeDep node_modules/webpack events@3.3.0 OK for: webpack@5.64.0 want: ^3.2.0
96 silly placeDep node_modules/webpack glob-to-regexp@0.4.1 OK for: webpack@5.64.0 want: ^0.4.1
97 silly placeDep node_modules/webpack graceful-fs@4.2.8 OK for: webpack@5.64.0 want: ^4.2.4
98 silly placeDep node_modules/webpack json-parse-better-errors@1.0.2 OK for: webpack@5.64.0 want: ^1.0.2
99 silly placeDep node_modules/webpack loader-runner@4.2.0 OK for: webpack@5.64.0 want: ^4.2.0
100 silly placeDep node_modules/webpack mime-types@2.1.34 OK for: webpack@5.64.0 want: ^2.1.27
101 silly placeDep node_modules/webpack neo-async@2.6.2 OK for: webpack@5.64.0 want: ^2.6.2
102 silly placeDep node_modules/webpack schema-utils@3.1.1 OK for: webpack@5.64.0 want: ^3.1.0
103 silly placeDep node_modules/webpack tapable@2.2.1 OK for: webpack@5.64.0 want: ^2.1.1
104 silly placeDep node_modules/webpack terser-webpack-plugin@5.2.5 OK for: webpack@5.64.0 want: ^5.1.3
105 silly placeDep node_modules/webpack watchpack@2.2.0 OK for: webpack@5.64.0 want: ^2.2.0
106 silly placeDep node_modules/webpack webpack-sources@3.2.1 OK for: webpack@5.64.0 want: ^3.2.0
107 silly fetch manifest @types/eslint@*
108 silly fetch manifest @webassemblyjs/helper-numbers@1.11.1
109 silly fetch manifest @webassemblyjs/helper-wasm-bytecode@1.11.1
110 silly fetch manifest @webassemblyjs/helper-buffer@1.11.1
111 silly fetch manifest @webassemblyjs/helper-wasm-section@1.11.1
112 silly fetch manifest @webassemblyjs/wasm-gen@1.11.1
113 silly fetch manifest @webassemblyjs/wasm-opt@1.11.1
114 silly fetch manifest @webassemblyjs/wast-printer@1.11.1
115 silly fetch manifest @webassemblyjs/helper-api-error@1.11.1
116 silly fetch manifest @webassemblyjs/ieee754@1.11.1
117 silly fetch manifest @webassemblyjs/leb128@1.11.1
118 silly fetch manifest @webassemblyjs/utf8@1.11.1
119 silly fetch manifest caniuse-lite@^1.0.30001274
120 silly fetch manifest electron-to-chromium@^1.3.886
121 silly fetch manifest escalade@^3.1.1
122 silly fetch manifest node-releases@^2.0.1
123 silly fetch manifest picocolors@^1.0.0
124 silly fetch manifest esrecurse@^4.3.0
125 silly fetch manifest estraverse@^4.1.1
126 silly fetch manifest mime-db@1.51.0
127 silly fetch manifest @types/json-schema@^7.0.8
128 silly fetch manifest ajv@^6.12.5
129 silly fetch manifest ajv-keywords@^3.5.2
130 silly fetch manifest jest-worker@^27.0.6
131 silly fetch manifest serialize-javascript@^6.0.0
132 silly fetch manifest source-map@^0.6.1
133 silly fetch manifest terser@^5.7.2
134 http fetch GET 200 https://registry.npmjs.org/@webassemblyjs%2fwast-printer 21ms (cache hit)
135 http fetch GET 200 https://registry.npmjs.org/@webassemblyjs%2fhelper-wasm-bytecode 24ms (cache hit)
136 http fetch GET 200 https://registry.npmjs.org/@webassemblyjs%2fwasm-opt 22ms (cache hit)
137 http fetch GET 200 https://registry.npmjs.org/@webassemblyjs%2fhelper-wasm-section 23ms (cache hit)
138 http fetch GET 200 https://registry.npmjs.org/@types%2fjson-schema 20ms (cache hit)
139 http fetch GET 200 https://registry.npmjs.org/mime-db 21ms (cache hit)
140 http fetch GET 200 https://registry.npmjs.org/@webassemblyjs%2fwasm-gen 24ms (cache hit)
141 http fetch GET 200 https://registry.npmjs.org/@webassemblyjs%2fleb128 24ms (cache hit)
142 http fetch GET 200 https://registry.npmjs.org/@webassemblyjs%2futf8 24ms (cache hit)
143 http fetch GET 200 https://registry.npmjs.org/node-releases 23ms (cache hit)
144 http fetch GET 200 https://registry.npmjs.org/@webassemblyjs%2fhelper-api-error 26ms (cache hit)
145 http fetch GET 200 https://registry.npmjs.org/source-map 22ms (cache hit)
146 http fetch GET 200 https://registry.npmjs.org/serialize-javascript 23ms (cache hit)
147 http fetch GET 200 https://registry.npmjs.org/ajv-keywords 23ms (cache hit)
148 http fetch GET 200 https://registry.npmjs.org/estraverse 24ms (cache hit)
149 http fetch GET 200 https://registry.npmjs.org/jest-worker 24ms (cache hit)
150 http fetch GET 200 https://registry.npmjs.org/esrecurse 26ms (cache hit)
151 http fetch GET 200 https://registry.npmjs.org/escalade 26ms (cache hit)
152 http fetch GET 200 https://registry.npmjs.org/@webassemblyjs%2fieee754 28ms (cache hit)
153 http fetch GET 200 https://registry.npmjs.org/ajv 25ms (cache hit)
154 http fetch GET 200 https://registry.npmjs.org/picocolors 30ms (cache hit)
155 http fetch GET 200 https://registry.npmjs.org/@webassemblyjs%2fhelper-buffer 33ms (cache hit)
156 http fetch GET 200 https://registry.npmjs.org/caniuse-lite 33ms (cache hit)
157 http fetch GET 200 https://registry.npmjs.org/@webassemblyjs%2fhelper-numbers 37ms (cache hit)
158 http fetch GET 200 https://registry.npmjs.org/@types%2feslint 38ms (cache hit)
159 http fetch GET 200 https://registry.npmjs.org/terser 31ms (cache hit)
160 http fetch GET 200 https://registry.npmjs.org/electron-to-chromium 38ms (cache hit)
161 timing idealTree:node_modules/webpack Completed in 53ms
162 silly placeDep node_modules/webpack @types/eslint@7.28.2 OK for: @types/eslint-scope@3.7.1 want: *
163 silly fetch manifest @types/json-schema@*
164 timing idealTree:node_modules/webpack/node_modules/@types/eslint-scope Completed in 1ms
165 silly placeDep node_modules/webpack @types/json-schema@7.0.9 OK for: @types/eslint@7.28.2 want: *
166 timing idealTree:node_modules/webpack/node_modules/@types/eslint Completed in 0ms
167 timing idealTree:node_modules/webpack/node_modules/@types/estree Completed in 0ms
168 timing idealTree:node_modules/webpack/node_modules/@types/json-schema Completed in 0ms
169 silly placeDep node_modules/webpack @webassemblyjs/helper-numbers@1.11.1 OK for: @webassemblyjs/ast@1.11.1 want: 1.11.1
170 silly placeDep node_modules/webpack @webassemblyjs/helper-wasm-bytecode@1.11.1 OK for: @webassemblyjs/ast@1.11.1 want: 1.11.1
171 silly fetch manifest @webassemblyjs/floating-point-hex-parser@1.11.1
172 silly fetch manifest @xtuc/long@4.2.2
173 http fetch GET 200 https://registry.npmjs.org/@webassemblyjs%2ffloating-point-hex-parser 3ms (cache hit)
174 http fetch GET 200 https://registry.npmjs.org/@xtuc%2flong 4ms (cache hit)
175 timing idealTree:node_modules/webpack/node_modules/@webassemblyjs/ast Completed in 5ms
176 silly placeDep node_modules/webpack @webassemblyjs/floating-point-hex-parser@1.11.1 OK for: @webassemblyjs/helper-numbers@1.11.1 want: 1.11.1
177 silly placeDep node_modules/webpack @webassemblyjs/helper-api-error@1.11.1 OK for: @webassemblyjs/helper-numbers@1.11.1 want: 1.11.1
178 silly placeDep node_modules/webpack @xtuc/long@4.2.2 OK for: @webassemblyjs/helper-numbers@1.11.1 want: 4.2.2
179 timing idealTree:node_modules/webpack/node_modules/@webassemblyjs/helper-numbers Completed in 1ms
180 timing idealTree:node_modules/webpack/node_modules/@webassemblyjs/floating-point-hex-parser Completed in 0ms
181 timing idealTree:node_modules/webpack/node_modules/@webassemblyjs/helper-api-error Completed in 0ms
182 timing idealTree:node_modules/webpack/node_modules/@webassemblyjs/helper-wasm-bytecode Completed in 0ms
183 silly placeDep node_modules/webpack @webassemblyjs/helper-buffer@1.11.1 OK for: @webassemblyjs/wasm-edit@1.11.1 want: 1.11.1
184 silly placeDep node_modules/webpack @webassemblyjs/helper-wasm-section@1.11.1 OK for: @webassemblyjs/wasm-edit@1.11.1 want: 1.11.1
185 silly placeDep node_modules/webpack @webassemblyjs/wasm-gen@1.11.1 OK for: @webassemblyjs/wasm-edit@1.11.1 want: 1.11.1
186 silly placeDep node_modules/webpack @webassemblyjs/wasm-opt@1.11.1 OK for: @webassemblyjs/wasm-edit@1.11.1 want: 1.11.1
187 silly placeDep node_modules/webpack @webassemblyjs/wast-printer@1.11.1 OK for: @webassemblyjs/wasm-edit@1.11.1 want: 1.11.1
188 timing idealTree:node_modules/webpack/node_modules/@webassemblyjs/wasm-edit Completed in 2ms
189 timing idealTree:node_modules/webpack/node_modules/@webassemblyjs/helper-buffer Completed in 0ms
190 timing idealTree:node_modules/webpack/node_modules/@webassemblyjs/helper-wasm-section Completed in 0ms
191 silly placeDep node_modules/webpack @webassemblyjs/ieee754@1.11.1 OK for: @webassemblyjs/wasm-gen@1.11.1 want: 1.11.1
192 silly placeDep node_modules/webpack @webassemblyjs/leb128@1.11.1 OK for: @webassemblyjs/wasm-gen@1.11.1 want: 1.11.1
193 silly placeDep node_modules/webpack @webassemblyjs/utf8@1.11.1 OK for: @webassemblyjs/wasm-gen@1.11.1 want: 1.11.1
194 silly fetch manifest @xtuc/ieee754@^1.2.0
195 http fetch GET 200 https://registry.npmjs.org/@xtuc%2fieee754 1ms (cache hit)
196 timing idealTree:node_modules/webpack/node_modules/@webassemblyjs/wasm-gen Completed in 2ms
197 silly placeDep node_modules/webpack @xtuc/ieee754@1.2.0 OK for: @webassemblyjs/ieee754@1.11.1 want: ^1.2.0
198 timing idealTree:node_modules/webpack/node_modules/@webassemblyjs/ieee754 Completed in 0ms
199 timing idealTree:node_modules/webpack/node_modules/@webassemblyjs/leb128 Completed in 0ms
200 timing idealTree:node_modules/webpack/node_modules/@webassemblyjs/utf8 Completed in 0ms
201 timing idealTree:node_modules/webpack/node_modules/@webassemblyjs/wasm-opt Completed in 0ms
202 timing idealTree:node_modules/webpack/node_modules/@webassemblyjs/wasm-parser Completed in 0ms
203 timing idealTree:node_modules/webpack/node_modules/@webassemblyjs/wast-printer Completed in 0ms
204 timing idealTree:node_modules/webpack/node_modules/@xtuc/ieee754 Completed in 0ms
205 timing idealTree:node_modules/webpack/node_modules/@xtuc/long Completed in 0ms
206 timing idealTree:node_modules/webpack/node_modules/acorn Completed in 0ms
207 timing idealTree:node_modules/webpack/node_modules/acorn-import-assertions Completed in 0ms
208 silly placeDep node_modules/webpack caniuse-lite@1.0.30001280 OK for: browserslist@4.17.6 want: ^1.0.30001274
209 silly placeDep node_modules/webpack electron-to-chromium@1.3.895 OK for: browserslist@4.17.6 want: ^1.3.886
210 silly placeDep node_modules/webpack escalade@3.1.1 OK for: browserslist@4.17.6 want: ^3.1.1
211 silly placeDep node_modules/webpack node-releases@2.0.1 OK for: browserslist@4.17.6 want: ^2.0.1
212 silly placeDep node_modules/webpack picocolors@1.0.0 OK for: browserslist@4.17.6 want: ^1.0.0
213 timing idealTree:node_modules/webpack/node_modules/browserslist Completed in 1ms
214 timing idealTree:node_modules/webpack/node_modules/caniuse-lite Completed in 0ms
215 timing idealTree:node_modules/webpack/node_modules/chrome-trace-event Completed in 0ms
216 timing idealTree:node_modules/webpack/node_modules/electron-to-chromium Completed in 0ms
217 timing idealTree:node_modules/webpack/node_modules/enhanced-resolve Completed in 0ms
218 timing idealTree:node_modules/webpack/node_modules/es-module-lexer Completed in 0ms
219 timing idealTree:node_modules/webpack/node_modules/escalade Completed in 0ms
220 silly placeDep node_modules/webpack esrecurse@4.3.0 OK for: eslint-scope@5.1.1 want: ^4.3.0
221 silly placeDep node_modules/webpack estraverse@4.3.0 OK for: eslint-scope@5.1.1 want: ^4.1.1
222 silly fetch manifest estraverse@^5.2.0
223 timing idealTree:node_modules/webpack/node_modules/eslint-scope Completed in 0ms
224 silly placeDep node_modules/webpack/node_modules/esrecurse estraverse@5.3.0 OK for: esrecurse@4.3.0 want: ^5.2.0
225 timing idealTree:node_modules/webpack/node_modules/esrecurse Completed in 1ms
226 timing idealTree:node_modules/webpack/node_modules/estraverse Completed in 0ms
227 timing idealTree:node_modules/webpack/node_modules/events Completed in 0ms
228 timing idealTree:node_modules/webpack/node_modules/glob-to-regexp Completed in 0ms
229 timing idealTree:node_modules/webpack/node_modules/graceful-fs Completed in 0ms
230 timing idealTree:node_modules/webpack/node_modules/json-parse-better-errors Completed in 0ms
231 timing idealTree:node_modules/webpack/node_modules/loader-runner Completed in 0ms
232 silly placeDep node_modules/webpack mime-db@1.51.0 OK for: mime-types@2.1.34 want: 1.51.0
233 timing idealTree:node_modules/webpack/node_modules/mime-types Completed in 1ms
234 timing idealTree:node_modules/webpack/node_modules/mime-db Completed in 0ms
235 timing idealTree:node_modules/webpack/node_modules/neo-async Completed in 0ms
236 timing idealTree:node_modules/webpack/node_modules/node-releases Completed in 0ms
237 timing idealTree:node_modules/webpack/node_modules/picocolors Completed in 0ms
238 silly placeDep node_modules/webpack ajv@6.12.6 OK for: schema-utils@3.1.1 want: ^6.12.5
239 silly placeDep node_modules/webpack ajv-keywords@3.5.2 OK for: schema-utils@3.1.1 want: ^3.5.2
240 silly fetch manifest fast-deep-equal@^3.1.1
241 silly fetch manifest fast-json-stable-stringify@^2.0.0
242 silly fetch manifest json-schema-traverse@^0.4.1
243 silly fetch manifest uri-js@^4.2.2
244 http fetch GET 200 https://registry.npmjs.org/uri-js 4ms (cache hit)
245 http fetch GET 200 https://registry.npmjs.org/fast-deep-equal 4ms (cache hit)
246 http fetch GET 200 https://registry.npmjs.org/json-schema-traverse 5ms (cache hit)
247 http fetch GET 200 https://registry.npmjs.org/fast-json-stable-stringify 6ms (cache hit)
248 timing idealTree:node_modules/webpack/node_modules/schema-utils Completed in 7ms
249 silly placeDep node_modules/webpack fast-deep-equal@3.1.3 OK for: ajv@6.12.6 want: ^3.1.1
250 silly placeDep node_modules/webpack fast-json-stable-stringify@2.1.0 OK for: ajv@6.12.6 want: ^2.0.0
251 silly placeDep node_modules/webpack json-schema-traverse@0.4.1 OK for: ajv@6.12.6 want: ^0.4.1
252 silly placeDep node_modules/webpack uri-js@4.4.1 OK for: ajv@6.12.6 want: ^4.2.2
253 silly fetch manifest punycode@^2.1.0
254 http fetch GET 200 https://registry.npmjs.org/punycode 1ms (cache hit)
255 timing idealTree:node_modules/webpack/node_modules/ajv Completed in 3ms
256 timing idealTree:node_modules/webpack/node_modules/ajv-keywords Completed in 0ms
257 timing idealTree:node_modules/webpack/node_modules/fast-deep-equal Completed in 0ms
258 timing idealTree:node_modules/webpack/node_modules/fast-json-stable-stringify Completed in 0ms
259 timing idealTree:node_modules/webpack/node_modules/json-schema-traverse Completed in 0ms
260 timing idealTree:node_modules/webpack/node_modules/tapable Completed in 0ms
261 silly placeDep node_modules/webpack jest-worker@27.3.1 OK for: terser-webpack-plugin@5.2.5 want: ^27.0.6
262 silly placeDep node_modules/webpack serialize-javascript@6.0.0 OK for: terser-webpack-plugin@5.2.5 want: ^6.0.0
263 silly placeDep node_modules/webpack source-map@0.6.1 OK for: terser-webpack-plugin@5.2.5 want: ^0.6.1
264 silly placeDep node_modules/webpack terser@5.9.0 OK for: terser-webpack-plugin@5.2.5 want: ^5.7.2
265 silly fetch manifest @types/node@*
266 silly fetch manifest merge-stream@^2.0.0
267 silly fetch manifest supports-color@^8.0.0
268 silly fetch manifest randombytes@^2.1.0
269 silly fetch manifest commander@^2.20.0
270 silly fetch manifest source-map@~0.7.2
271 silly fetch manifest source-map-support@~0.5.20
272 http fetch GET 200 https://registry.npmjs.org/supports-color 4ms (cache hit)
273 http fetch GET 200 https://registry.npmjs.org/commander 4ms (cache hit)
274 http fetch GET 200 https://registry.npmjs.org/randombytes 5ms (cache hit)
275 http fetch GET 200 https://registry.npmjs.org/source-map-support 5ms (cache hit)
276 http fetch GET 200 https://registry.npmjs.org/merge-stream 6ms (cache hit)
277 http fetch GET 200 https://registry.npmjs.org/@types%2fnode 8ms (cache hit)
278 timing idealTree:node_modules/webpack/node_modules/terser-webpack-plugin Completed in 13ms
279 silly placeDep node_modules/webpack @types/node@16.11.7 OK for: jest-worker@27.3.1 want: *
280 silly placeDep node_modules/webpack merge-stream@2.0.0 OK for: jest-worker@27.3.1 want: ^2.0.0
281 silly placeDep node_modules/webpack supports-color@8.1.1 OK for: jest-worker@27.3.1 want: ^8.0.0
282 silly fetch manifest has-flag@^4.0.0
283 http fetch GET 200 https://registry.npmjs.org/has-flag 1ms (cache hit)
284 timing idealTree:node_modules/webpack/node_modules/jest-worker Completed in 2ms
285 timing idealTree:node_modules/webpack/node_modules/@types/node Completed in 0ms
286 timing idealTree:node_modules/webpack/node_modules/merge-stream Completed in 0ms
287 silly placeDep node_modules/webpack randombytes@2.1.0 OK for: serialize-javascript@6.0.0 want: ^2.1.0
288 silly fetch manifest safe-buffer@^5.1.0
289 http fetch GET 200 https://registry.npmjs.org/safe-buffer 1ms (cache hit)
290 timing idealTree:node_modules/webpack/node_modules/serialize-javascript Completed in 2ms
291 silly placeDep node_modules/webpack safe-buffer@5.2.1 OK for: randombytes@2.1.0 want: ^5.1.0
292 timing idealTree:node_modules/webpack/node_modules/randombytes Completed in 0ms
293 timing idealTree:node_modules/webpack/node_modules/safe-buffer Completed in 0ms
294 timing idealTree:node_modules/webpack/node_modules/source-map Completed in 0ms
295 silly placeDep node_modules/webpack has-flag@4.0.0 OK for: supports-color@8.1.1 want: ^4.0.0
296 timing idealTree:node_modules/webpack/node_modules/supports-color Completed in 0ms
297 timing idealTree:node_modules/webpack/node_modules/has-flag Completed in 0ms
298 silly placeDep node_modules/webpack commander@2.20.3 OK for: terser@5.9.0 want: ^2.20.0
299 silly placeDep node_modules/webpack/node_modules/terser source-map@0.7.3 OK for: terser@5.9.0 want: ~0.7.2
300 silly placeDep node_modules/webpack source-map-support@0.5.20 OK for: terser@5.9.0 want: ~0.5.20
301 silly fetch manifest buffer-from@^1.0.0
302 http fetch GET 200 https://registry.npmjs.org/buffer-from 3ms (cache hit)
303 timing idealTree:node_modules/webpack/node_modules/terser Completed in 4ms
304 timing idealTree:node_modules/webpack/node_modules/commander Completed in 1ms
305 silly placeDep node_modules/webpack buffer-from@1.1.2 OK for: source-map-support@0.5.20 want: ^1.0.0
306 timing idealTree:node_modules/webpack/node_modules/source-map-support Completed in 0ms
307 timing idealTree:node_modules/webpack/node_modules/buffer-from Completed in 0ms
308 silly placeDep node_modules/webpack punycode@2.1.1 OK for: uri-js@4.4.1 want: ^2.1.0
309 timing idealTree:node_modules/webpack/node_modules/uri-js Completed in 0ms
310 timing idealTree:node_modules/webpack/node_modules/punycode Completed in 0ms
311 timing idealTree:node_modules/webpack/node_modules/watchpack Completed in 0ms
312 timing idealTree:node_modules/webpack/node_modules/webpack-sources Completed in 0ms
313 timing idealTree:node_modules/webpack/node_modules/esrecurse/node_modules/estraverse Completed in 0ms
314 timing idealTree:node_modules/webpack/node_modules/terser/node_modules/source-map Completed in 0ms
315 timing idealTree:buildDeps Completed in 154ms
316 timing idealTree:fixDepFlags Completed in 0ms
317 timing idealTree Completed in 160ms
318 timing reify:loadTrees Completed in 161ms
319 timing reify:diffTrees Completed in 1ms
320 silly reify moves {}
321 timing reify:retireShallow Completed in 1ms
322 timing reify:rollback:createSparse Completed in 0ms
323 timing reify:rollback:retireShallow Completed in 0ms
324 timing command:install Completed in 172ms
325 verbose stack Error: EACCES: permission denied, mkdir '/usr/local/lib/node_modules/webpack'
326 verbose cwd /Users/obinnauzozie
327 verbose Darwin 21.1.0
328 verbose argv "/usr/local/bin/node" "/usr/local/bin/npm" "i" "webpack" "-g"
329 verbose node v16.13.0
330 verbose npm  v8.1.0
331 error code EACCES
332 error syscall mkdir
333 error path /usr/local/lib/node_modules/webpack
334 error errno -13
335 error Error: EACCES: permission denied, mkdir '/usr/local/lib/node_modules/webpack'
335 error  [Error: EACCES: permission denied, mkdir '/usr/local/lib/node_modules/webpack'] {
335 error   errno: -13,
335 error   code: 'EACCES',
335 error   syscall: 'mkdir',
335 error   path: '/usr/local/lib/node_modules/webpack'
335 error }
336 error The operation was rejected by your operating system.
336 error It is likely you do not have the permissions to access this file as the current user
336 error
336 error If you believe this might be a permissions issue, please double-check the
336 error permissions of the file and its containing directories, or try running
336 error the command again as root/Administrator.
337 verbose exit -13
